# JRE version: OpenJDK Runtime Environment (11.0.13) (build 11.0.13+0-b1751.21-8125866)
# Java VM: OpenJDK 64-Bit Server VM (11.0.13+0-b1751.21-8125866, mixed mode, tiered, compressed oops, g1 gc, windows-amd64)
Heap:
 garbage-first heap   total 465920K, used 382391K [0x0000000080000000, 0x0000000100000000)
  region size 1024K, 261 young (267264K), 2 survivors (2048K)
 Metaspace       used 125886K, capacity 129233K, committed 129364K, reserved 1161216K
  class space    used 15603K, capacity 16880K, committed 16972K, reserved 1048576K
GC Heap History (20 events):
Event: 5.724 GC heap before
{Heap before GC invocations=7 (full 0):
 garbage-first heap   total 262144K, used 77534K [0x0000000080000000, 0x0000000100000000)
  region size 1024K, 63 young (64512K), 4 survivors (4096K)
 Metaspace       used 35173K, capacity 35962K, committed 36048K, reserved 1081344K
  class space    used 4514K, capacity 4835K, committed 4864K, reserved 1048576K
}
Event: 5.733 GC heap after
{Heap after GC invocations=8 (full 0):
 garbage-first heap   total 262144K, used 22461K [0x0000000080000000, 0x0000000100000000)
  region size 1024K, 7 young (7168K), 7 survivors (7168K)
 Metaspace       used 35173K, capacity 35962K, committed 36048K, reserved 1081344K
  class space    used 4514K, capacity 4835K, committed 4864K, reserved 1048576K
}
Event: 8.718 GC heap before
{Heap before GC invocations=9 (full 0):
 garbage-first heap   total 262144K, used 169917K [0x0000000080000000, 0x0000000100000000)
  region size 1024K, 148 young (151552K), 7 survivors (7168K)
 Metaspace       used 47303K, capacity 48481K, committed 48720K, reserved 1091584K
  class space    used 6020K, capacity 6459K, committed 6528K, reserved 1048576K
}
Event: 8.729 GC heap after
{Heap after GC invocations=10 (full 0):
 garbage-first heap   total 262144K, used 29688K [0x0000000080000000, 0x0000000100000000)
  region size 1024K, 14 young (14336K), 14 survivors (14336K)
 Metaspace       used 47303K, capacity 48481K, committed 48720K, reserved 1091584K
  class space    used 6020K, capacity 6459K, committed 6528K, reserved 1048576K
}
Event: 10.509 GC heap before
{Heap before GC invocations=10 (full 0):
 garbage-first heap   total 262144K, used 157688K [0x0000000080000000, 0x0000000100000000)
  region size 1024K, 136 young (139264K), 14 survivors (14336K)
 Metaspace       used 59054K, capacity 60426K, committed 60508K, reserved 1101824K
  class space    used 7397K, capacity 7905K, committed 7936K, reserved 1048576K
}
Event: 10.534 GC heap after
{Heap after GC invocations=11 (full 0):
 garbage-first heap   total 262144K, used 43793K [0x0000000080000000, 0x0000000100000000)
  region size 1024K, 18 young (18432K), 18 survivors (18432K)
 Metaspace       used 59054K, capacity 60426K, committed 60508K, reserved 1101824K
  class space    used 7397K, capacity 7905K, committed 7936K, reserved 1048576K
}
Event: 12.399 GC heap before
{Heap before GC invocations=12 (full 0):
 garbage-first heap   total 262144K, used 189201K [0x0000000080000000, 0x0000000100000000)
  region size 1024K, 153 young (156672K), 18 survivors (18432K)
 Metaspace       used 67897K, capacity 69535K, committed 69800K, reserved 1110016K
  class space    used 8520K, capacity 9154K, committed 9292K, reserved 1048576K
}
Event: 12.432 GC heap after
{Heap after GC invocations=13 (full 0):
 garbage-first heap   total 262144K, used 53694K [0x0000000080000000, 0x0000000100000000)
  region size 1024K, 20 young (20480K), 20 survivors (20480K)
 Metaspace       used 67897K, capacity 69535K, committed 69800K, reserved 1110016K
  class space    used 8520K, capacity 9154K, committed 9292K, reserved 1048576K
}
Event: 14.382 GC heap before
{Heap before GC invocations=14 (full 0):
 garbage-first heap   total 262144K, used 188862K [0x0000000080000000, 0x0000000100000000)
  region size 1024K, 153 young (156672K), 20 survivors (20480K)
 Metaspace       used 81355K, capacity 83127K, committed 83240K, reserved 1122304K
  class space    used 10477K, capacity 11172K, committed 11212K, reserved 1048576K
}
Event: 14.406 GC heap after
{Heap after GC invocations=15 (full 0):
 garbage-first heap   total 465920K, used 64000K [0x0000000080000000, 0x0000000100000000)
  region size 1024K, 11 young (11264K), 11 survivors (11264K)
 Metaspace       used 81355K, capacity 83127K, committed 83240K, reserved 1122304K
  class space    used 10477K, capacity 11172K, committed 11212K, reserved 1048576K
}
Event: 677.928 GC heap before
{Heap before GC invocations=15 (full 0):
 garbage-first heap   total 465920K, used 317952K [0x0000000080000000, 0x0000000100000000)
  region size 1024K, 260 young (266240K), 11 survivors (11264K)
 Metaspace       used 90858K, capacity 93130K, committed 93224K, reserved 1130496K
  class space    used 11355K, capacity 12188K, committed 12236K, reserved 1048576K
}
Event: 677.953 GC heap after
{Heap after GC invocations=16 (full 0):
 garbage-first heap   total 465920K, used 78848K [0x0000000080000000, 0x0000000100000000)
  region size 1024K, 25 young (25600K), 25 survivors (25600K)
 Metaspace       used 90858K, capacity 93130K, committed 93224K, reserved 1130496K
  class space    used 11355K, capacity 12188K, committed 12236K, reserved 1048576K
}
Event: 807.300 GC heap before
{Heap before GC invocations=16 (full 0):
 garbage-first heap   total 465920K, used 361472K [0x0000000080000000, 0x0000000100000000)
  region size 1024K, 273 young (279552K), 25 survivors (25600K)
 Metaspace       used 101555K, capacity 104014K, committed 104360K, reserved 1140736K
  class space    used 12577K, capacity 13537K, committed 13644K, reserved 1048576K
}
Event: 807.324 GC heap after
{Heap after GC invocations=17 (full 0):
 garbage-first heap   total 465920K, used 84480K [0x0000000080000000, 0x0000000100000000)
  region size 1024K, 21 young (21504K), 21 survivors (21504K)
 Metaspace       used 101555K, capacity 104014K, committed 104360K, reserved 1140736K
  class space    used 12577K, capacity 13537K, committed 13644K, reserved 1048576K
}
Event: 875.399 GC heap before
{Heap before GC invocations=17 (full 0):
 garbage-first heap   total 465920K, used 244224K [0x0000000080000000, 0x0000000100000000)
  region size 1024K, 149 young (152576K), 21 survivors (21504K)
 Metaspace       used 102857K, capacity 105451K, committed 105640K, reserved 1140736K
  class space    used 12667K, capacity 13642K, committed 13644K, reserved 1048576K
}
Event: 875.413 GC heap after
{Heap after GC invocations=18 (full 0):
 garbage-first heap   total 465920K, used 82944K [0x0000000080000000, 0x0000000100000000)
  region size 1024K, 7 young (7168K), 7 survivors (7168K)
 Metaspace       used 102857K, capacity 105451K, committed 105640K, reserved 1140736K
  class space    used 12667K, capacity 13642K, committed 13644K, reserved 1048576K
}
Event: 1049.674 GC heap before
{Heap before GC invocations=18 (full 0):
 garbage-first heap   total 465920K, used 386048K [0x0000000080000000, 0x0000000100000000)
  region size 1024K, 273 young (279552K), 7 survivors (7168K)
 Metaspace       used 112313K, capacity 115143K, committed 115368K, reserved 1150976K
  class space    used 13760K, capacity 14838K, committed 14924K, reserved 1048576K
}
Event: 1049.694 GC heap after
{Heap after GC invocations=19 (full 0):
 garbage-first heap   total 465920K, used 101301K [0x0000000080000000, 0x0000000100000000)
  region size 1024K, 23 young (23552K), 23 survivors (23552K)
 Metaspace       used 112313K, capacity 115143K, committed 115368K, reserved 1150976K
  class space    used 13760K, capacity 14838K, committed 14924K, reserved 1048576K
}
Event: 1050.135 GC heap before
{Heap before GC invocations=19 (full 0):
 garbage-first heap   total 465920K, used 117685K [0x0000000080000000, 0x0000000100000000)
  region size 1024K, 41 young (41984K), 23 survivors (23552K)
 Metaspace       used 113356K, capacity 116191K, committed 116264K, reserved 1150976K
  class space    used 13912K, capacity 15007K, committed 15052K, reserved 1048576K
}
Event: 1050.149 GC heap after
{Heap after GC invocations=20 (full 0):
 garbage-first heap   total 465920K, used 94647K [0x0000000080000000, 0x0000000100000000)
  region size 1024K, 2 young (2048K), 2 survivors (2048K)
 Metaspace       used 113356K, capacity 116191K, committed 116264K, reserved 1150976K
  class space    used 13912K, capacity 15007K, committed 15052K, reserved 1048576K
}

